2026-01-21 14:59:50,553 - httpx - INFO - HTTP Request: POST https://api.telegram.org/bot8372108053:AAF_xUCflTCXG9rKkRhA-qR0e_lqGVh7lwQ%20/getMe "HTTP/1.1 404 Not Found"
2026-01-21 14:59:50,555 - telegram.ext - ERROR - Network Retry Loop (Bootstrap Initialize Application): Invalid token. Aborting retry loop.
Traceback (most recent call last):
  File "C:\Users\admin\Desktop\telegram\.venv\Lib\site-packages\telegram\_bot.py", line 854, in initialize
    await self.get_me()
  File "C:\Users\admin\Desktop\telegram\.venv\Lib\site-packages\telegram\ext\_extbot.py", line 1999, in get_me
    return await super().get_me(
           ^^^^^^^^^^^^^^^^^^^^^
    ...<5 lines>...
    )
    ^
  File "C:\Users\admin\Desktop\telegram\.venv\Lib\site-packages\telegram\_bot.py", line 985, in get_me
    result = await self._post(
             ^^^^^^^^^^^^^^^^^
    ...<6 lines>...
    )
    ^
  File "C:\Users\admin\Desktop\telegram\.venv\Lib\site-packages\telegram\_bot.py", line 703, in _post
    return await self._do_post(
           ^^^^^^^^^^^^^^^^^^^^
    ...<6 lines>...
    )
    ^
  File "C:\Users\admin\Desktop\telegram\.venv\Lib\site-packages\telegram\ext\_extbot.py", line 372, in _do_post
    return await super()._do_post(
           ^^^^^^^^^^^^^^^^^^^^^^^
    ...<6 lines>...
    )
    ^
  File "C:\Users\admin\Desktop\telegram\.venv\Lib\site-packages\telegram\_bot.py", line 732, in _do_post
    result = await request.post(
             ^^^^^^^^^^^^^^^^^^^
    ...<6 lines>...
    )
    ^
  File "C:\Users\admin\Desktop\telegram\.venv\Lib\site-packages\telegram\request\_baserequest.py", line 198, in post
    result = await self._request_wrapper(
             ^^^^^^^^^^^^^^^^^^^^^^^^^^^^
    ...<7 lines>...
    )
    ^
  File "C:\Users\admin\Desktop\telegram\.venv\Lib\site-packages\telegram\request\_baserequest.py", line 375, in _request_wrapper
    raise exception
telegram.error.InvalidToken: Not Found

The above exception was the direct cause of the following exception:

Traceback (most recent call last):
  File "C:\Users\admin\Desktop\telegram\.venv\Lib\site-packages\telegram\ext\_utils\networkloop.py", line 134, in network_retry_loop
    await do_action()
  File "C:\Users\admin\Desktop\telegram\.venv\Lib\site-packages\telegram\ext\_utils\networkloop.py", line 109, in do_action
    await action_cb()
  File "C:\Users\admin\Desktop\telegram\.venv\Lib\site-packages\telegram\ext\_application.py", line 489, in initialize
    await self.bot.initialize()
  File "C:\Users\admin\Desktop\telegram\.venv\Lib\site-packages\telegram\ext\_extbot.py", line 318, in initialize
    await super().initialize()
  File "C:\Users\admin\Desktop\telegram\.venv\Lib\site-packages\telegram\_bot.py", line 856, in initialize
    raise InvalidToken(f"The token `{self._token}` was rejected by the server.") from exc
telegram.error.InvalidToken: The token `8372108053:AAF_xUCflTCXG9rKkRhA-qR0e_lqGVh7lwQ ` was rejected by the server.
Traceback (most recent call last):
  File "C:\Users\admin\Desktop\telegram\.venv\Lib\site-packages\telegram\_bot.py", line 854, in initialize
    await self.get_me()
  File "C:\Users\admin\Desktop\telegram\.venv\Lib\site-packages\telegram\ext\_extbot.py", line 1999, in get_me
    return await super().get_me(
           ^^^^^^^^^^^^^^^^^^^^^
    ...<5 lines>...
    )
    ^
  File "C:\Users\admin\Desktop\telegram\.venv\Lib\site-packages\telegram\_bot.py", line 985, in get_me
    result = await self._post(
             ^^^^^^^^^^^^^^^^^
    ...<6 lines>...
    )
    ^
  File "C:\Users\admin\Desktop\telegram\.venv\Lib\site-packages\telegram\_bot.py", line 703, in _post
    return await self._do_post(
           ^^^^^^^^^^^^^^^^^^^^
    ...<6 lines>...
    )
    ^
  File "C:\Users\admin\Desktop\telegram\.venv\Lib\site-packages\telegram\ext\_extbot.py", line 372, in _do_post
    return await super()._do_post(
           ^^^^^^^^^^^^^^^^^^^^^^^
    ...<6 lines>...
    )
    ^
  File "C:\Users\admin\Desktop\telegram\.venv\Lib\site-packages\telegram\_bot.py", line 732, in _do_post
    result = await request.post(
             ^^^^^^^^^^^^^^^^^^^
    ...<6 lines>...
    )
    ^
  File "C:\Users\admin\Desktop\telegram\.venv\Lib\site-packages\telegram\request\_baserequest.py", line 198, in post
    result = await self._request_wrapper(
             ^^^^^^^^^^^^^^^^^^^^^^^^^^^^
    ...<7 lines>...
    )
    ^
  File "C:\Users\admin\Desktop\telegram\.venv\Lib\site-packages\telegram\request\_baserequest.py", line 375, in _request_wrapper
    raise exception
telegram.error.InvalidToken: Not Found

The above exception was the direct cause of the following exception:

Traceback (most recent call last):
  File "C:\Users\admin\Desktop\telegram\bot.py", line 219, in <module>
    main()
    ~~~~^^
  File "C:\Users\admin\Desktop\telegram\bot.py", line 215, in main
    app.run_polling()
    ~~~~~~~~~~~~~~~^^
  File "C:\Users\admin\Desktop\telegram\.venv\Lib\site-packages\telegram\ext\_application.py", line 839, in run_polling
    return self.__run(
           ~~~~~~~~~~^
        updater_coroutine=self.updater.start_polling(
        ^^^^^^^^^^^^^^^^^^^^^^^^^^^^^^^^^^^^^^^^^^^^^
    ...<9 lines>...
        close_loop=close_loop,
        ^^^^^^^^^^^^^^^^^^^^^^
    )
    ^
  File "C:\Users\admin\Desktop\telegram\.venv\Lib\site-packages\telegram\ext\_application.py", line 1054, in __run
    loop.run_until_complete(self._bootstrap_initialize(max_retries=bootstrap_retries))
    ~~~~~~~~~~~~~~~~~~~~~~~^^^^^^^^^^^^^^^^^^^^^^^^^^^^^^^^^^^^^^^^^^^^^^^^^^^^^^^^^^^
  File "C:\Users\admin\AppData\Local\Programs\Python\Python313\Lib\asyncio\base_events.py", line 725, in run_until_complete
    return future.result()
           ~~~~~~~~~~~~~^^
  File "C:\Users\admin\Desktop\telegram\.venv\Lib\site-packages\telegram\ext\_application.py", line 1014, in _bootstrap_initialize
    await network_retry_loop(
    ...<4 lines>...
    )
  File "C:\Users\admin\Desktop\telegram\.venv\Lib\site-packages\telegram\ext\_utils\networkloop.py", line 134, in network_retry_loop
    await do_action()
  File "C:\Users\admin\Desktop\telegram\.venv\Lib\site-packages\telegram\ext\_utils\networkloop.py", line 109, in do_action
    await action_cb()
  File "C:\Users\admin\Desktop\telegram\.venv\Lib\site-packages\telegram\ext\_application.py", line 489, in initialize
    await self.bot.initialize()
  File "C:\Users\admin\Desktop\telegram\.venv\Lib\site-packages\telegram\ext\_extbot.py", line 318, in initialize
    await super().initialize()
  File "C:\Users\admin\Desktop\telegram\.venv\Lib\site-packages\telegram\_bot.py", line 856, in initialize
    raise InvalidToken(f"The token `{self._token}` was rejected by the server.") from exc
telegram.error.InvalidToken: The token `8372108053:AAF_xUCflTCXG9rKkRhA-qR0e_lqGVh7lwQ ` was rejected by the server.
2026-01-21 15:00:13,576 - httpx - INFO - HTTP Request: POST https://api.telegram.org/bot8372108053:AAF_xUCflTCXG9rKkRhA-qR0e_lqGVh7lwQ/getMe "HTTP/1.1 200 OK"
2026-01-21 15:00:13,711 - httpx - INFO - HTTP Request: POST https://api.telegram.org/bot8372108053:AAF_xUCflTCXG9rKkRhA-qR0e_lqGVh7lwQ/deleteWebhook "HTTP/1.1 200 OK"
2026-01-21 15:00:13,712 - telegram.ext.Application - INFO - Application started
2026-01-21 15:00:24,415 - httpx - INFO - HTTP Request: POST https://api.telegram.org/bot8372108053:AAF_xUCflTCXG9rKkRhA-qR0e_lqGVh7lwQ/getUpdates "HTTP/1.1 200 OK"
